  Draw.cpp
c:\users\baptiste\documents\github\projetmathsfenetrageremplissage\projetmathsfenetrageremplissage\draw.cpp(65): warning C4305: 'argument': truncation from 'double' to 'GLclampf'
c:\users\baptiste\documents\github\projetmathsfenetrageremplissage\projetmathsfenetrageremplissage\draw.cpp(93): warning C4244: 'initializing': conversion from 'double' to 'float', possible loss of data
c:\users\baptiste\documents\github\projetmathsfenetrageremplissage\projetmathsfenetrageremplissage\draw.cpp(91): warning C4102: 'http': unreferenced label
c:\users\baptiste\documents\github\projetmathsfenetrageremplissage\projetmathsfenetrageremplissage\draw.cpp(148): warning C4018: '<': signed/unsigned mismatch
c:\users\baptiste\documents\github\projetmathsfenetrageremplissage\projetmathsfenetrageremplissage\draw.cpp(150): warning C4244: 'argument': conversion from 'GLint' to 'float', possible loss of data
c:\users\baptiste\documents\github\projetmathsfenetrageremplissage\projetmathsfenetrageremplissage\draw.cpp(153): warning C4244: 'argument': conversion from 'GLint' to 'float', possible loss of data
c:\users\baptiste\documents\github\projetmathsfenetrageremplissage\projetmathsfenetrageremplissage\draw.cpp(182): warning C4018: '<': signed/unsigned mismatch
c:\users\baptiste\documents\github\projetmathsfenetrageremplissage\projetmathsfenetrageremplissage\draw.cpp(190): warning C4018: '<': signed/unsigned mismatch
c:\users\baptiste\documents\github\projetmathsfenetrageremplissage\projetmathsfenetrageremplissage\draw.cpp(198): warning C4018: '<': signed/unsigned mismatch
c:\users\baptiste\documents\github\projetmathsfenetrageremplissage\projetmathsfenetrageremplissage\draw.cpp(228): warning C4018: '<': signed/unsigned mismatch
c:\users\baptiste\documents\github\projetmathsfenetrageremplissage\projetmathsfenetrageremplissage\draw.cpp(236): warning C4018: '<': signed/unsigned mismatch
c:\users\baptiste\documents\github\projetmathsfenetrageremplissage\projetmathsfenetrageremplissage\draw.cpp(244): warning C4018: '<': signed/unsigned mismatch
c:\users\baptiste\documents\github\projetmathsfenetrageremplissage\projetmathsfenetrageremplissage\draw.cpp(268): warning C4244: 'argument': conversion from 'GLint' to 'float', possible loss of data
c:\users\baptiste\documents\github\projetmathsfenetrageremplissage\projetmathsfenetrageremplissage\draw.cpp(271): warning C4244: 'argument': conversion from 'GLint' to 'GLfloat', possible loss of data
c:\users\baptiste\documents\github\projetmathsfenetrageremplissage\projetmathsfenetrageremplissage\draw.cpp(279): warning C4018: '<': signed/unsigned mismatch
c:\users\baptiste\documents\github\projetmathsfenetrageremplissage\projetmathsfenetrageremplissage\draw.cpp(314): warning C4244: '=': conversion from 'double' to 'GLfloat', possible loss of data
c:\users\baptiste\documents\github\projetmathsfenetrageremplissage\projetmathsfenetrageremplissage\draw.cpp(372): warning C4018: '<': signed/unsigned mismatch
c:\users\baptiste\documents\github\projetmathsfenetrageremplissage\projetmathsfenetrageremplissage\draw.cpp(374): warning C4244: '=': conversion from 'float' to 'GLint', possible loss of data
c:\users\baptiste\documents\github\projetmathsfenetrageremplissage\projetmathsfenetrageremplissage\draw.cpp(375): warning C4244: '=': conversion from 'float' to 'GLint', possible loss of data
c:\users\baptiste\documents\github\projetmathsfenetrageremplissage\projetmathsfenetrageremplissage\draw.cpp(377): warning C4244: 'argument': conversion from 'float' to 'GLint', possible loss of data
c:\users\baptiste\documents\github\projetmathsfenetrageremplissage\projetmathsfenetrageremplissage\draw.cpp(463): warning C4101: 'winWingMenu': unreferenced local variable
c:\users\baptiste\documents\github\projetmathsfenetrageremplissage\projetmathsfenetrageremplissage\draw.cpp(463): warning C4101: 'fillMenu': unreferenced local variable
  ProjetMathsFenetrageRemplissage.vcxproj -> C:\Users\Baptiste\Documents\GitHub\ProjetMathsFenetrageRemplissage\Debug\ProjetMathsFenetrageRemplissage.exe
